<?xml version="1.0" encoding="UTF-8"?>
<!-- Generated by org.testng.reporters.JUnitReportReporter -->
<testsuite hostname="julio" failures="0" tests="1" name="test.java.SampleTest" time="10.175" errors="0" timestamp="15 Oct 2021 16:47:56 GMT">
  <testcase classname="test.java.SampleTest" name="fullTestMethod" time="10.175"/>
</testsuite> <!-- test.java.SampleTest -->
